<?xml version="1.0" encoding="UTF-8"?>
<!-- Generated by org.testng.reporters.JUnitXMLReporter -->
<testsuite ignored="0" hostname="DESKTOP-7RC7B43" failures="1" tests="2" name="Test" time="12.39" errors="0" timestamp="2023-09-04T03:22:31 PKT">
  <testcase classname="ekarPackage.verifyImgeScreenHeader" name="verifyText" time="0.052">
    <failure type="java.lang.NullPointerException">
      <![CDATA[java.lang.NullPointerException
at java.base/java.util.Objects.requireNonNull(Objects.java:233)
at org.openqa.selenium.support.ui.FluentWait.<init>(FluentWait.java:106)
at org.openqa.selenium.support.ui.WebDriverWait.<init>(WebDriverWait.java:85)
at org.openqa.selenium.support.ui.WebDriverWait.<init>(WebDriverWait.java:45)
at ekarPackage.AppFunctions.<init>(AppFunctions.java:23)
at ekarPackage.verifyImgeScreenHeader.verifyText(verifyImgeScreenHeader.java:12)
at java.base/java.util.ArrayList.forEach(ArrayList.java:1511)
... Removed 25 stack frames]]>
    </failure>
  </testcase> <!-- verifyText -->
  <testcase classname="ekarPackage.TestCase1" name="testMthod1" time="12.278"/>
</testsuite> <!-- Test -->
